2011/04/10 17:33:58 [error] [exception.CHttpException.400] exception 'CHttpException' with message 'Your request is invalid.' in D:\xampp1.7.3\xampp\htdocs\yii\framework\web\actions\CInlineAction.php:52
Stack trace:
#0 D:\xampp1.7.3\xampp\htdocs\yii\framework\web\CController.php(300): CInlineAction->run()
#1 D:\xampp1.7.3\xampp\htdocs\yii\framework\web\filters\CFilterChain.php(133): CController->runAction(Object(CInlineAction))
#2 D:\xampp1.7.3\xampp\htdocs\yii\framework\web\filters\CFilter.php(41): CFilterChain->run()
#3 D:\xampp1.7.3\xampp\htdocs\yii\framework\web\CController.php(1088): CFilter->filter(Object(CFilterChain))
#4 D:\xampp1.7.3\xampp\htdocs\yii\framework\web\filters\CInlineFilter.php(59): CController->filterAccessControl(Object(CFilterChain))
#5 D:\xampp1.7.3\xampp\htdocs\yii\framework\web\filters\CFilterChain.php(130): CInlineFilter->filter(Object(CFilterChain))
#6 D:\xampp1.7.3\xampp\htdocs\yii\framework\web\CController.php(283): CFilterChain->run()
#7 D:\xampp1.7.3\xampp\htdocs\yii\framework\web\CController.php(257): CController->runActionWithFilters(Object(CInlineAction), Array)
#8 D:\xampp1.7.3\xampp\htdocs\yii\framework\web\CWebApplication.php(328): CController->run('delete')
#9 D:\xampp1.7.3\xampp\htdocs\yii\framework\web\CWebApplication.php(121): CWebApplication->runController('album/delete')
#10 D:\xampp1.7.3\xampp\htdocs\yii\framework\base\CApplication.php(155): CWebApplication->processRequest()
#11 D:\xampp1.7.3\xampp\htdocs\yiiwebsite\dulichvietnam\index.php(13): CApplication->run()
#12 {main} REQUEST_URI=/yiiwebsite/dulichvietnam/?r=album/delete&album_id=5
2011/04/10 17:34:03 [error] [exception.CHttpException.400] exception 'CHttpException' with message 'Your request is invalid.' in D:\xampp1.7.3\xampp\htdocs\yii\framework\web\actions\CInlineAction.php:52
Stack trace:
#0 D:\xampp1.7.3\xampp\htdocs\yii\framework\web\CController.php(300): CInlineAction->run()
#1 D:\xampp1.7.3\xampp\htdocs\yii\framework\web\filters\CFilterChain.php(133): CController->runAction(Object(CInlineAction))
#2 D:\xampp1.7.3\xampp\htdocs\yii\framework\web\filters\CFilter.php(41): CFilterChain->run()
#3 D:\xampp1.7.3\xampp\htdocs\yii\framework\web\CController.php(1088): CFilter->filter(Object(CFilterChain))
#4 D:\xampp1.7.3\xampp\htdocs\yii\framework\web\filters\CInlineFilter.php(59): CController->filterAccessControl(Object(CFilterChain))
#5 D:\xampp1.7.3\xampp\htdocs\yii\framework\web\filters\CFilterChain.php(130): CInlineFilter->filter(Object(CFilterChain))
#6 D:\xampp1.7.3\xampp\htdocs\yii\framework\web\CController.php(283): CFilterChain->run()
#7 D:\xampp1.7.3\xampp\htdocs\yii\framework\web\CController.php(257): CController->runActionWithFilters(Object(CInlineAction), Array)
#8 D:\xampp1.7.3\xampp\htdocs\yii\framework\web\CWebApplication.php(328): CController->run('delete')
#9 D:\xampp1.7.3\xampp\htdocs\yii\framework\web\CWebApplication.php(121): CWebApplication->runController('album/delete')
#10 D:\xampp1.7.3\xampp\htdocs\yii\framework\base\CApplication.php(155): CWebApplication->processRequest()
#11 D:\xampp1.7.3\xampp\htdocs\yiiwebsite\dulichvietnam\index.php(13): CApplication->run()
#12 {main} REQUEST_URI=/yiiwebsite/dulichvietnam/?r=album/delete&album_id=5
2011/04/10 17:48:16 [error] [exception.CHttpException.404] exception 'CHttpException' with message 'The system is unable to find the requested action "mamage".' in D:\xampp1.7.3\xampp\htdocs\yii\framework\web\CController.php:444
Stack trace:
#0 D:\xampp1.7.3\xampp\htdocs\yii\framework\web\CController.php(262): CController->missingAction('mamage')
#1 D:\xampp1.7.3\xampp\htdocs\yii\framework\web\CWebApplication.php(328): CController->run('mamage')
#2 D:\xampp1.7.3\xampp\htdocs\yii\framework\web\CWebApplication.php(121): CWebApplication->runController('album/mamage')
#3 D:\xampp1.7.3\xampp\htdocs\yii\framework\base\CApplication.php(155): CWebApplication->processRequest()
#4 D:\xampp1.7.3\xampp\htdocs\yiiwebsite\dulichvietnam\index.php(13): CApplication->run()
#5 {main} REQUEST_URI=/yiiwebsite/dulichvietnam/index.php?r=album/mamage
2011/04/10 18:01:49 [error] [system.db.CDbCommand] Error in querying SQL: SELECT * FROM `tbl_comment` `t` WHERE resource_id=:resource_id AND resource_type=:resource_type
in D:\xampp1.7.3\xampp\htdocs\yiiwebsite\dulichvietnam\protected\models\Comment.php (128)
in D:\xampp1.7.3\xampp\htdocs\yiiwebsite\dulichvietnam\protected\controllers\AlbumController.php (477)
in D:\xampp1.7.3\xampp\htdocs\yiiwebsite\dulichvietnam\index.php (13)
2011/04/10 18:01:49 [error] [exception.CDbException] exception 'CDbException' with message 'CDbCommand failed to execute the SQL statement: SQLSTATE[HY093]: Invalid parameter number: parameter was not defined' in D:\xampp1.7.3\xampp\htdocs\yii\framework\db\CDbCommand.php:471
Stack trace:
#0 D:\xampp1.7.3\xampp\htdocs\yii\framework\db\CDbCommand.php(354): CDbCommand->queryInternal('fetchAll', 2, Array)
#1 D:\xampp1.7.3\xampp\htdocs\yii\framework\db\ar\CActiveRecord.php(1237): CDbCommand->queryAll()
#2 D:\xampp1.7.3\xampp\htdocs\yii\framework\db\ar\CActiveRecord.php(1323): CActiveRecord->query(Object(CDbCriteria), true)
#3 D:\xampp1.7.3\xampp\htdocs\yiiwebsite\dulichvietnam\protected\models\Comment.php(128): CActiveRecord->findAll(Array)
#4 D:\xampp1.7.3\xampp\htdocs\yiiwebsite\dulichvietnam\protected\controllers\AlbumController.php(477): Comment->getListCommentAlbum('12')
#5 [internal function]: AlbumController->actionDel('12')
#6 D:\xampp1.7.3\xampp\htdocs\yii\framework\web\actions\CInlineAction.php(54): ReflectionMethod->invokeArgs(Object(AlbumController), Array)
#7 D:\xampp1.7.3\xampp\htdocs\yii\framework\web\CController.php(300): CInlineAction->run()
#8 D:\xampp1.7.3\xampp\htdocs\yii\framework\web\filters\CFilterChain.php(133): CController->runAction(Object(CInlineAction))
#9 D:\xampp1.7.3\xampp\htdocs\yii\framework\web\filters\CFilter.php(41): CFilterChain->run()
#10 D:\xampp1.7.3\xampp\htdocs\yii\framework\web\CController.php(1088): CFilter->filter(Object(CFilterChain))
#11 D:\xampp1.7.3\xampp\htdocs\yii\framework\web\filters\CInlineFilter.php(59): CController->filterAccessControl(Object(CFilterChain))
#12 D:\xampp1.7.3\xampp\htdocs\yii\framework\web\filters\CFilterChain.php(130): CInlineFilter->filter(Object(CFilterChain))
#13 D:\xampp1.7.3\xampp\htdocs\yii\framework\web\CController.php(283): CFilterChain->run()
#14 D:\xampp1.7.3\xampp\htdocs\yii\framework\web\CController.php(257): CController->runActionWithFilters(Object(CInlineAction), Array)
#15 D:\xampp1.7.3\xampp\htdocs\yii\framework\web\CWebApplication.php(328): CController->run('del')
#16 D:\xampp1.7.3\xampp\htdocs\yii\framework\web\CWebApplication.php(121): CWebApplication->runController('album/del')
#17 D:\xampp1.7.3\xampp\htdocs\yii\framework\base\CApplication.php(155): CWebApplication->processRequest()
#18 D:\xampp1.7.3\xampp\htdocs\yiiwebsite\dulichvietnam\index.php(13): CApplication->run()
#19 {main} REQUEST_URI=/yiiwebsite/dulichvietnam/?r=album/del&album_id=12
2011/04/10 18:03:45 [error] [system.db.CDbCommand] Error in querying SQL: SELECT * FROM `tbl_comment` `t` WHERE resource_id=:resource_id AND resource_type=:resource_type
in D:\xampp1.7.3\xampp\htdocs\yiiwebsite\dulichvietnam\protected\models\Comment.php (128)
in D:\xampp1.7.3\xampp\htdocs\yiiwebsite\dulichvietnam\protected\controllers\AlbumController.php (477)
in D:\xampp1.7.3\xampp\htdocs\yiiwebsite\dulichvietnam\index.php (13)
2011/04/10 18:03:45 [error] [exception.CDbException] exception 'CDbException' with message 'CDbCommand failed to execute the SQL statement: SQLSTATE[HY093]: Invalid parameter number: parameter was not defined' in D:\xampp1.7.3\xampp\htdocs\yii\framework\db\CDbCommand.php:471
Stack trace:
#0 D:\xampp1.7.3\xampp\htdocs\yii\framework\db\CDbCommand.php(354): CDbCommand->queryInternal('fetchAll', 2, Array)
#1 D:\xampp1.7.3\xampp\htdocs\yii\framework\db\ar\CActiveRecord.php(1237): CDbCommand->queryAll()
#2 D:\xampp1.7.3\xampp\htdocs\yii\framework\db\ar\CActiveRecord.php(1323): CActiveRecord->query(Object(CDbCriteria), true)
#3 D:\xampp1.7.3\xampp\htdocs\yiiwebsite\dulichvietnam\protected\models\Comment.php(128): CActiveRecord->findAll(Array)
#4 D:\xampp1.7.3\xampp\htdocs\yiiwebsite\dulichvietnam\protected\controllers\AlbumController.php(477): Comment->getListCommentAlbum('13')
#5 [internal function]: AlbumController->actionDel('13')
#6 D:\xampp1.7.3\xampp\htdocs\yii\framework\web\actions\CInlineAction.php(54): ReflectionMethod->invokeArgs(Object(AlbumController), Array)
#7 D:\xampp1.7.3\xampp\htdocs\yii\framework\web\CController.php(300): CInlineAction->run()
#8 D:\xampp1.7.3\xampp\htdocs\yii\framework\web\filters\CFilterChain.php(133): CController->runAction(Object(CInlineAction))
#9 D:\xampp1.7.3\xampp\htdocs\yii\framework\web\filters\CFilter.php(41): CFilterChain->run()
#10 D:\xampp1.7.3\xampp\htdocs\yii\framework\web\CController.php(1088): CFilter->filter(Object(CFilterChain))
#11 D:\xampp1.7.3\xampp\htdocs\yii\framework\web\filters\CInlineFilter.php(59): CController->filterAccessControl(Object(CFilterChain))
#12 D:\xampp1.7.3\xampp\htdocs\yii\framework\web\filters\CFilterChain.php(130): CInlineFilter->filter(Object(CFilterChain))
#13 D:\xampp1.7.3\xampp\htdocs\yii\framework\web\CController.php(283): CFilterChain->run()
#14 D:\xampp1.7.3\xampp\htdocs\yii\framework\web\CController.php(257): CController->runActionWithFilters(Object(CInlineAction), Array)
#15 D:\xampp1.7.3\xampp\htdocs\yii\framework\web\CWebApplication.php(328): CController->run('del')
#16 D:\xampp1.7.3\xampp\htdocs\yii\framework\web\CWebApplication.php(121): CWebApplication->runController('album/del')
#17 D:\xampp1.7.3\xampp\htdocs\yii\framework\base\CApplication.php(155): CWebApplication->processRequest()
#18 D:\xampp1.7.3\xampp\htdocs\yiiwebsite\dulichvietnam\index.php(13): CApplication->run()
#19 {main} REQUEST_URI=/yiiwebsite/dulichvietnam/?r=album/del&album_id=13
2011/04/10 18:27:12 [error] [exception.CHttpException.400] exception 'CHttpException' with message 'Your request is invalid.' in D:\xampp1.7.3\xampp\htdocs\yii\framework\web\actions\CInlineAction.php:52
Stack trace:
#0 D:\xampp1.7.3\xampp\htdocs\yii\framework\web\CController.php(300): CInlineAction->run()
#1 D:\xampp1.7.3\xampp\htdocs\yii\framework\web\filters\CFilterChain.php(133): CController->runAction(Object(CInlineAction))
#2 D:\xampp1.7.3\xampp\htdocs\yii\framework\web\filters\CFilter.php(41): CFilterChain->run()
#3 D:\xampp1.7.3\xampp\htdocs\yii\framework\web\CController.php(1088): CFilter->filter(Object(CFilterChain))
#4 D:\xampp1.7.3\xampp\htdocs\yii\framework\web\filters\CInlineFilter.php(59): CController->filterAccessControl(Object(CFilterChain))
#5 D:\xampp1.7.3\xampp\htdocs\yii\framework\web\filters\CFilterChain.php(130): CInlineFilter->filter(Object(CFilterChain))
#6 D:\xampp1.7.3\xampp\htdocs\yii\framework\web\CController.php(283): CFilterChain->run()
#7 D:\xampp1.7.3\xampp\htdocs\yii\framework\web\CController.php(257): CController->runActionWithFilters(Object(CInlineAction), Array)
#8 D:\xampp1.7.3\xampp\htdocs\yii\framework\web\CWebApplication.php(328): CController->run('del')
#9 D:\xampp1.7.3\xampp\htdocs\yii\framework\web\CWebApplication.php(121): CWebApplication->runController('photo/del')
#10 D:\xampp1.7.3\xampp\htdocs\yii\framework\base\CApplication.php(155): CWebApplication->processRequest()
#11 D:\xampp1.7.3\xampp\htdocs\yiiwebsite\dulichvietnam\index.php(13): CApplication->run()
#12 {main} REQUEST_URI=/yiiwebsite/dulichvietnam/index.php?r=photo/del&action=viewdetail&album_id=1
