2011/04/10 17:33:58 [error] [exception.CHttpException.400] exception 'CHttpException' with message 'Your request is invalid.' in D:\xampp1.7.3\xampp\htdocs\yii\framework\web\actions\CInlineAction.php:52
Stack trace:
#0 D:\xampp1.7.3\xampp\htdocs\yii\framework\web\CController.php(300): CInlineAction->run()
#1 D:\xampp1.7.3\xampp\htdocs\yii\framework\web\filters\CFilterChain.php(133): CController->runAction(Object(CInlineAction))
#2 D:\xampp1.7.3\xampp\htdocs\yii\framework\web\filters\CFilter.php(41): CFilterChain->run()
#3 D:\xampp1.7.3\xampp\htdocs\yii\framework\web\CController.php(1088): CFilter->filter(Object(CFilterChain))
#4 D:\xampp1.7.3\xampp\htdocs\yii\framework\web\filters\CInlineFilter.php(59): CController->filterAccessControl(Object(CFilterChain))
#5 D:\xampp1.7.3\xampp\htdocs\yii\framework\web\filters\CFilterChain.php(130): CInlineFilter->filter(Object(CFilterChain))
#6 D:\xampp1.7.3\xampp\htdocs\yii\framework\web\CController.php(283): CFilterChain->run()
#7 D:\xampp1.7.3\xampp\htdocs\yii\framework\web\CController.php(257): CController->runActionWithFilters(Object(CInlineAction), Array)
#8 D:\xampp1.7.3\xampp\htdocs\yii\framework\web\CWebApplication.php(328): CController->run('delete')
#9 D:\xampp1.7.3\xampp\htdocs\yii\framework\web\CWebApplication.php(121): CWebApplication->runController('album/delete')
#10 D:\xampp1.7.3\xampp\htdocs\yii\framework\base\CApplication.php(155): CWebApplication->processRequest()
#11 D:\xampp1.7.3\xampp\htdocs\yiiwebsite\dulichvietnam\index.php(13): CApplication->run()
#12 {main} REQUEST_URI=/yiiwebsite/dulichvietnam/?r=album/delete&album_id=5
2011/04/10 17:34:03 [error] [exception.CHttpException.400] exception 'CHttpException' with message 'Your request is invalid.' in D:\xampp1.7.3\xampp\htdocs\yii\framework\web\actions\CInlineAction.php:52
Stack trace:
#0 D:\xampp1.7.3\xampp\htdocs\yii\framework\web\CController.php(300): CInlineAction->run()
#1 D:\xampp1.7.3\xampp\htdocs\yii\framework\web\filters\CFilterChain.php(133): CController->runAction(Object(CInlineAction))
#2 D:\xampp1.7.3\xampp\htdocs\yii\framework\web\filters\CFilter.php(41): CFilterChain->run()
#3 D:\xampp1.7.3\xampp\htdocs\yii\framework\web\CController.php(1088): CFilter->filter(Object(CFilterChain))
#4 D:\xampp1.7.3\xampp\htdocs\yii\framework\web\filters\CInlineFilter.php(59): CController->filterAccessControl(Object(CFilterChain))
#5 D:\xampp1.7.3\xampp\htdocs\yii\framework\web\filters\CFilterChain.php(130): CInlineFilter->filter(Object(CFilterChain))
#6 D:\xampp1.7.3\xampp\htdocs\yii\framework\web\CController.php(283): CFilterChain->run()
#7 D:\xampp1.7.3\xampp\htdocs\yii\framework\web\CController.php(257): CController->runActionWithFilters(Object(CInlineAction), Array)
#8 D:\xampp1.7.3\xampp\htdocs\yii\framework\web\CWebApplication.php(328): CController->run('delete')
#9 D:\xampp1.7.3\xampp\htdocs\yii\framework\web\CWebApplication.php(121): CWebApplication->runController('album/delete')
#10 D:\xampp1.7.3\xampp\htdocs\yii\framework\base\CApplication.php(155): CWebApplication->processRequest()
#11 D:\xampp1.7.3\xampp\htdocs\yiiwebsite\dulichvietnam\index.php(13): CApplication->run()
#12 {main} REQUEST_URI=/yiiwebsite/dulichvietnam/?r=album/delete&album_id=5
2011/04/10 17:48:16 [error] [exception.CHttpException.404] exception 'CHttpException' with message 'The system is unable to find the requested action "mamage".' in D:\xampp1.7.3\xampp\htdocs\yii\framework\web\CController.php:444
Stack trace:
#0 D:\xampp1.7.3\xampp\htdocs\yii\framework\web\CController.php(262): CController->missingAction('mamage')
#1 D:\xampp1.7.3\xampp\htdocs\yii\framework\web\CWebApplication.php(328): CController->run('mamage')
#2 D:\xampp1.7.3\xampp\htdocs\yii\framework\web\CWebApplication.php(121): CWebApplication->runController('album/mamage')
#3 D:\xampp1.7.3\xampp\htdocs\yii\framework\base\CApplication.php(155): CWebApplication->processRequest()
#4 D:\xampp1.7.3\xampp\htdocs\yiiwebsite\dulichvietnam\index.php(13): CApplication->run()
#5 {main} REQUEST_URI=/yiiwebsite/dulichvietnam/index.php?r=album/mamage
2011/04/10 18:01:49 [error] [system.db.CDbCommand] Error in querying SQL: SELECT * FROM `tbl_comment` `t` WHERE resource_id=:resource_id AND resource_type=:resource_type
in D:\xampp1.7.3\xampp\htdocs\yiiwebsite\dulichvietnam\protected\models\Comment.php (128)
in D:\xampp1.7.3\xampp\htdocs\yiiwebsite\dulichvietnam\protected\controllers\AlbumController.php (477)
in D:\xampp1.7.3\xampp\htdocs\yiiwebsite\dulichvietnam\index.php (13)
2011/04/10 18:01:49 [error] [exception.CDbException] exception 'CDbException' with message 'CDbCommand failed to execute the SQL statement: SQLSTATE[HY093]: Invalid parameter number: parameter was not defined' in D:\xampp1.7.3\xampp\htdocs\yii\framework\db\CDbCommand.php:471
Stack trace:
#0 D:\xampp1.7.3\xampp\htdocs\yii\framework\db\CDbCommand.php(354): CDbCommand->queryInternal('fetchAll', 2, Array)
#1 D:\xampp1.7.3\xampp\htdocs\yii\framework\db\ar\CActiveRecord.php(1237): CDbCommand->queryAll()
#2 D:\xampp1.7.3\xampp\htdocs\yii\framework\db\ar\CActiveRecord.php(1323): CActiveRecord->query(Object(CDbCriteria), true)
#3 D:\xampp1.7.3\xampp\htdocs\yiiwebsite\dulichvietnam\protected\models\Comment.php(128): CActiveRecord->findAll(Array)
#4 D:\xampp1.7.3\xampp\htdocs\yiiwebsite\dulichvietnam\protected\controllers\AlbumController.php(477): Comment->getListCommentAlbum('12')
#5 [internal function]: AlbumController->actionDel('12')
#6 D:\xampp1.7.3\xampp\htdocs\yii\framework\web\actions\CInlineAction.php(54): ReflectionMethod->invokeArgs(Object(AlbumController), Array)
#7 D:\xampp1.7.3\xampp\htdocs\yii\framework\web\CController.php(300): CInlineAction->run()
#8 D:\xampp1.7.3\xampp\htdocs\yii\framework\web\filters\CFilterChain.php(133): CController->runAction(Object(CInlineAction))
#9 D:\xampp1.7.3\xampp\htdocs\yii\framework\web\filters\CFilter.php(41): CFilterChain->run()
#10 D:\xampp1.7.3\xampp\htdocs\yii\framework\web\CController.php(1088): CFilter->filter(Object(CFilterChain))
#11 D:\xampp1.7.3\xampp\htdocs\yii\framework\web\filters\CInlineFilter.php(59): CController->filterAccessControl(Object(CFilterChain))
#12 D:\xampp1.7.3\xampp\htdocs\yii\framework\web\filters\CFilterChain.php(130): CInlineFilter->filter(Object(CFilterChain))
#13 D:\xampp1.7.3\xampp\htdocs\yii\framework\web\CController.php(283): CFilterChain->run()
#14 D:\xampp1.7.3\xampp\htdocs\yii\framework\web\CController.php(257): CController->runActionWithFilters(Object(CInlineAction), Array)
#15 D:\xampp1.7.3\xampp\htdocs\yii\framework\web\CWebApplication.php(328): CController->run('del')
#16 D:\xampp1.7.3\xampp\htdocs\yii\framework\web\CWebApplication.php(121): CWebApplication->runController('album/del')
#17 D:\xampp1.7.3\xampp\htdocs\yii\framework\base\CApplication.php(155): CWebApplication->processRequest()
#18 D:\xampp1.7.3\xampp\htdocs\yiiwebsite\dulichvietnam\index.php(13): CApplication->run()
#19 {main} REQUEST_URI=/yiiwebsite/dulichvietnam/?r=album/del&album_id=12
2011/04/10 18:03:45 [error] [system.db.CDbCommand] Error in querying SQL: SELECT * FROM `tbl_comment` `t` WHERE resource_id=:resource_id AND resource_type=:resource_type
in D:\xampp1.7.3\xampp\htdocs\yiiwebsite\dulichvietnam\protected\models\Comment.php (128)
in D:\xampp1.7.3\xampp\htdocs\yiiwebsite\dulichvietnam\protected\controllers\AlbumController.php (477)
in D:\xampp1.7.3\xampp\htdocs\yiiwebsite\dulichvietnam\index.php (13)
2011/04/10 18:03:45 [error] [exception.CDbException] exception 'CDbException' with message 'CDbCommand failed to execute the SQL statement: SQLSTATE[HY093]: Invalid parameter number: parameter was not defined' in D:\xampp1.7.3\xampp\htdocs\yii\framework\db\CDbCommand.php:471
Stack trace:
#0 D:\xampp1.7.3\xampp\htdocs\yii\framework\db\CDbCommand.php(354): CDbCommand->queryInternal('fetchAll', 2, Array)
#1 D:\xampp1.7.3\xampp\htdocs\yii\framework\db\ar\CActiveRecord.php(1237): CDbCommand->queryAll()
#2 D:\xampp1.7.3\xampp\htdocs\yii\framework\db\ar\CActiveRecord.php(1323): CActiveRecord->query(Object(CDbCriteria), true)
#3 D:\xampp1.7.3\xampp\htdocs\yiiwebsite\dulichvietnam\protected\models\Comment.php(128): CActiveRecord->findAll(Array)
#4 D:\xampp1.7.3\xampp\htdocs\yiiwebsite\dulichvietnam\protected\controllers\AlbumController.php(477): Comment->getListCommentAlbum('13')
#5 [internal function]: AlbumController->actionDel('13')
#6 D:\xampp1.7.3\xampp\htdocs\yii\framework\web\actions\CInlineAction.php(54): ReflectionMethod->invokeArgs(Object(AlbumController), Array)
#7 D:\xampp1.7.3\xampp\htdocs\yii\framework\web\CController.php(300): CInlineAction->run()
#8 D:\xampp1.7.3\xampp\htdocs\yii\framework\web\filters\CFilterChain.php(133): CController->runAction(Object(CInlineAction))
#9 D:\xampp1.7.3\xampp\htdocs\yii\framework\web\filters\CFilter.php(41): CFilterChain->run()
#10 D:\xampp1.7.3\xampp\htdocs\yii\framework\web\CController.php(1088): CFilter->filter(Object(CFilterChain))
#11 D:\xampp1.7.3\xampp\htdocs\yii\framework\web\filters\CInlineFilter.php(59): CController->filterAccessControl(Object(CFilterChain))
#12 D:\xampp1.7.3\xampp\htdocs\yii\framework\web\filters\CFilterChain.php(130): CInlineFilter->filter(Object(CFilterChain))
#13 D:\xampp1.7.3\xampp\htdocs\yii\framework\web\CController.php(283): CFilterChain->run()
#14 D:\xampp1.7.3\xampp\htdocs\yii\framework\web\CController.php(257): CController->runActionWithFilters(Object(CInlineAction), Array)
#15 D:\xampp1.7.3\xampp\htdocs\yii\framework\web\CWebApplication.php(328): CController->run('del')
#16 D:\xampp1.7.3\xampp\htdocs\yii\framework\web\CWebApplication.php(121): CWebApplication->runController('album/del')
#17 D:\xampp1.7.3\xampp\htdocs\yii\framework\base\CApplication.php(155): CWebApplication->processRequest()
#18 D:\xampp1.7.3\xampp\htdocs\yiiwebsite\dulichvietnam\index.php(13): CApplication->run()
#19 {main} REQUEST_URI=/yiiwebsite/dulichvietnam/?r=album/del&album_id=13
2011/04/10 18:27:12 [error] [exception.CHttpException.400] exception 'CHttpException' with message 'Your request is invalid.' in D:\xampp1.7.3\xampp\htdocs\yii\framework\web\actions\CInlineAction.php:52
Stack trace:
#0 D:\xampp1.7.3\xampp\htdocs\yii\framework\web\CController.php(300): CInlineAction->run()
#1 D:\xampp1.7.3\xampp\htdocs\yii\framework\web\filters\CFilterChain.php(133): CController->runAction(Object(CInlineAction))
#2 D:\xampp1.7.3\xampp\htdocs\yii\framework\web\filters\CFilter.php(41): CFilterChain->run()
#3 D:\xampp1.7.3\xampp\htdocs\yii\framework\web\CController.php(1088): CFilter->filter(Object(CFilterChain))
#4 D:\xampp1.7.3\xampp\htdocs\yii\framework\web\filters\CInlineFilter.php(59): CController->filterAccessControl(Object(CFilterChain))
#5 D:\xampp1.7.3\xampp\htdocs\yii\framework\web\filters\CFilterChain.php(130): CInlineFilter->filter(Object(CFilterChain))
#6 D:\xampp1.7.3\xampp\htdocs\yii\framework\web\CController.php(283): CFilterChain->run()
#7 D:\xampp1.7.3\xampp\htdocs\yii\framework\web\CController.php(257): CController->runActionWithFilters(Object(CInlineAction), Array)
#8 D:\xampp1.7.3\xampp\htdocs\yii\framework\web\CWebApplication.php(328): CController->run('del')
#9 D:\xampp1.7.3\xampp\htdocs\yii\framework\web\CWebApplication.php(121): CWebApplication->runController('photo/del')
#10 D:\xampp1.7.3\xampp\htdocs\yii\framework\base\CApplication.php(155): CWebApplication->processRequest()
#11 D:\xampp1.7.3\xampp\htdocs\yiiwebsite\dulichvietnam\index.php(13): CApplication->run()
#12 {main} REQUEST_URI=/yiiwebsite/dulichvietnam/index.php?r=photo/del&action=viewdetail&album_id=1
2011/04/17 23:53:36 [error] [exception.CHttpException.400] exception 'CHttpException' with message 'Your request is invalid.' in D:\xampp1.7.3\xampp\htdocs\yii\framework\web\actions\CInlineAction.php:52
Stack trace:
#0 D:\xampp1.7.3\xampp\htdocs\yii\framework\web\CController.php(300): CInlineAction->run()
#1 D:\xampp1.7.3\xampp\htdocs\yii\framework\web\filters\CFilterChain.php(133): CController->runAction(Object(CInlineAction))
#2 D:\xampp1.7.3\xampp\htdocs\yii\framework\web\filters\CFilter.php(41): CFilterChain->run()
#3 D:\xampp1.7.3\xampp\htdocs\yii\framework\web\CController.php(1088): CFilter->filter(Object(CFilterChain))
#4 D:\xampp1.7.3\xampp\htdocs\yii\framework\web\filters\CInlineFilter.php(59): CController->filterAccessControl(Object(CFilterChain))
#5 D:\xampp1.7.3\xampp\htdocs\yii\framework\web\filters\CFilterChain.php(130): CInlineFilter->filter(Object(CFilterChain))
#6 D:\xampp1.7.3\xampp\htdocs\yii\framework\web\CController.php(283): CFilterChain->run()
#7 D:\xampp1.7.3\xampp\htdocs\yii\framework\web\CController.php(257): CController->runActionWithFilters(Object(CInlineAction), Array)
#8 D:\xampp1.7.3\xampp\htdocs\yii\framework\web\CWebApplication.php(328): CController->run('popular')
#9 D:\xampp1.7.3\xampp\htdocs\yii\framework\web\CWebApplication.php(121): CWebApplication->runController('photo/popular')
#10 D:\xampp1.7.3\xampp\htdocs\yii\framework\base\CApplication.php(155): CWebApplication->processRequest()
#11 D:\xampp1.7.3\xampp\htdocs\yiiwebsite\dulichvietnam\index.php(13): CApplication->run()
#12 {main} REQUEST_URI=/yiiwebsite/dulichvietnam/?r=photo/popular
2011/04/18 00:09:35 [error] [exception.CHttpException.400] exception 'CHttpException' with message 'Your request is invalid.' in D:\xampp1.7.3\xampp\htdocs\yii\framework\web\actions\CInlineAction.php:52
Stack trace:
#0 D:\xampp1.7.3\xampp\htdocs\yii\framework\web\CController.php(300): CInlineAction->run()
#1 D:\xampp1.7.3\xampp\htdocs\yii\framework\web\filters\CFilterChain.php(133): CController->runAction(Object(CInlineAction))
#2 D:\xampp1.7.3\xampp\htdocs\yii\framework\web\filters\CFilter.php(41): CFilterChain->run()
#3 D:\xampp1.7.3\xampp\htdocs\yii\framework\web\CController.php(1088): CFilter->filter(Object(CFilterChain))
#4 D:\xampp1.7.3\xampp\htdocs\yii\framework\web\filters\CInlineFilter.php(59): CController->filterAccessControl(Object(CFilterChain))
#5 D:\xampp1.7.3\xampp\htdocs\yii\framework\web\filters\CFilterChain.php(130): CInlineFilter->filter(Object(CFilterChain))
#6 D:\xampp1.7.3\xampp\htdocs\yii\framework\web\CController.php(283): CFilterChain->run()
#7 D:\xampp1.7.3\xampp\htdocs\yii\framework\web\CController.php(257): CController->runActionWithFilters(Object(CInlineAction), Array)
#8 D:\xampp1.7.3\xampp\htdocs\yii\framework\web\CWebApplication.php(328): CController->run('popular')
#9 D:\xampp1.7.3\xampp\htdocs\yii\framework\web\CWebApplication.php(121): CWebApplication->runController('photo/popular')
#10 D:\xampp1.7.3\xampp\htdocs\yii\framework\base\CApplication.php(155): CWebApplication->processRequest()
#11 D:\xampp1.7.3\xampp\htdocs\yiiwebsite\dulichvietnam\index.php(13): CApplication->run()
#12 {main} REQUEST_URI=/yiiwebsite/dulichvietnam/?r=photo/popular&lat=15.8244&lng=107.951
2011/04/18 00:10:10 [error] [exception.CException] exception 'CException' with message 'CWebApplication does not have a method named "user".' in D:\xampp1.7.3\xampp\htdocs\yii\framework\base\CComponent.php:266
Stack trace:
#0 [internal function]: CComponent->__call('user', Array)
#1 D:\xampp1.7.3\xampp\htdocs\yiiwebsite\dulichvietnam\protected\controllers\PhotoController.php(383): CWebApplication->user()
#2 [internal function]: PhotoController->actionPopular('your', '', '')
#3 D:\xampp1.7.3\xampp\htdocs\yii\framework\web\actions\CInlineAction.php(54): ReflectionMethod->invokeArgs(Object(PhotoController), Array)
#4 D:\xampp1.7.3\xampp\htdocs\yii\framework\web\CController.php(300): CInlineAction->run()
#5 D:\xampp1.7.3\xampp\htdocs\yii\framework\web\filters\CFilterChain.php(133): CController->runAction(Object(CInlineAction))
#6 D:\xampp1.7.3\xampp\htdocs\yii\framework\web\filters\CFilter.php(41): CFilterChain->run()
#7 D:\xampp1.7.3\xampp\htdocs\yii\framework\web\CController.php(1088): CFilter->filter(Object(CFilterChain))
#8 D:\xampp1.7.3\xampp\htdocs\yii\framework\web\filters\CInlineFilter.php(59): CController->filterAccessControl(Object(CFilterChain))
#9 D:\xampp1.7.3\xampp\htdocs\yii\framework\web\filters\CFilterChain.php(130): CInlineFilter->filter(Object(CFilterChain))
#10 D:\xampp1.7.3\xampp\htdocs\yii\framework\web\CController.php(283): CFilterChain->run()
#11 D:\xampp1.7.3\xampp\htdocs\yii\framework\web\CController.php(257): CController->runActionWithFilters(Object(CInlineAction), Array)
#12 D:\xampp1.7.3\xampp\htdocs\yii\framework\web\CWebApplication.php(328): CController->run('popular')
#13 D:\xampp1.7.3\xampp\htdocs\yii\framework\web\CWebApplication.php(121): CWebApplication->runController('photo/popular')
#14 D:\xampp1.7.3\xampp\htdocs\yii\framework\base\CApplication.php(155): CWebApplication->processRequest()
#15 D:\xampp1.7.3\xampp\htdocs\yiiwebsite\dulichvietnam\index.php(13): CApplication->run()
#16 {main} REQUEST_URI=/yiiwebsite/dulichvietnam/?r=photo/popular&order=your&lat=&lng=
2011/04/18 00:12:24 [error] [exception.CException] exception 'CException' with message 'CWebApplication does not have a method named "user".' in D:\xampp1.7.3\xampp\htdocs\yii\framework\base\CComponent.php:266
Stack trace:
#0 [internal function]: CComponent->__call('user', Array)
#1 D:\xampp1.7.3\xampp\htdocs\yiiwebsite\dulichvietnam\protected\controllers\PhotoController.php(383): CWebApplication->user()
#2 [internal function]: PhotoController->actionPopular('your', '', '')
#3 D:\xampp1.7.3\xampp\htdocs\yii\framework\web\actions\CInlineAction.php(54): ReflectionMethod->invokeArgs(Object(PhotoController), Array)
#4 D:\xampp1.7.3\xampp\htdocs\yii\framework\web\CController.php(300): CInlineAction->run()
#5 D:\xampp1.7.3\xampp\htdocs\yii\framework\web\filters\CFilterChain.php(133): CController->runAction(Object(CInlineAction))
#6 D:\xampp1.7.3\xampp\htdocs\yii\framework\web\filters\CFilter.php(41): CFilterChain->run()
#7 D:\xampp1.7.3\xampp\htdocs\yii\framework\web\CController.php(1088): CFilter->filter(Object(CFilterChain))
#8 D:\xampp1.7.3\xampp\htdocs\yii\framework\web\filters\CInlineFilter.php(59): CController->filterAccessControl(Object(CFilterChain))
#9 D:\xampp1.7.3\xampp\htdocs\yii\framework\web\filters\CFilterChain.php(130): CInlineFilter->filter(Object(CFilterChain))
#10 D:\xampp1.7.3\xampp\htdocs\yii\framework\web\CController.php(283): CFilterChain->run()
#11 D:\xampp1.7.3\xampp\htdocs\yii\framework\web\CController.php(257): CController->runActionWithFilters(Object(CInlineAction), Array)
#12 D:\xampp1.7.3\xampp\htdocs\yii\framework\web\CWebApplication.php(328): CController->run('popular')
#13 D:\xampp1.7.3\xampp\htdocs\yii\framework\web\CWebApplication.php(121): CWebApplication->runController('photo/popular')
#14 D:\xampp1.7.3\xampp\htdocs\yii\framework\base\CApplication.php(155): CWebApplication->processRequest()
#15 D:\xampp1.7.3\xampp\htdocs\yiiwebsite\dulichvietnam\index.php(13): CApplication->run()
#16 {main} REQUEST_URI=/yiiwebsite/dulichvietnam/?r=photo/popular&order=your&lat=&lng=
2011/04/18 18:07:36 [error] [exception.CHttpException.400] exception 'CHttpException' with message 'Your request is invalid.' in D:\xampp1.7.3\xampp\htdocs\yii\framework\web\actions\CInlineAction.php:52
Stack trace:
#0 D:\xampp1.7.3\xampp\htdocs\yii\framework\web\CController.php(300): CInlineAction->run()
#1 D:\xampp1.7.3\xampp\htdocs\yii\framework\web\filters\CFilterChain.php(133): CController->runAction(Object(CInlineAction))
#2 D:\xampp1.7.3\xampp\htdocs\yii\framework\web\filters\CFilter.php(41): CFilterChain->run()
#3 D:\xampp1.7.3\xampp\htdocs\yii\framework\web\CController.php(1088): CFilter->filter(Object(CFilterChain))
#4 D:\xampp1.7.3\xampp\htdocs\yii\framework\web\filters\CInlineFilter.php(59): CController->filterAccessControl(Object(CFilterChain))
#5 D:\xampp1.7.3\xampp\htdocs\yii\framework\web\filters\CFilterChain.php(130): CInlineFilter->filter(Object(CFilterChain))
#6 D:\xampp1.7.3\xampp\htdocs\yii\framework\web\CController.php(283): CFilterChain->run()
#7 D:\xampp1.7.3\xampp\htdocs\yii\framework\web\CController.php(257): CController->runActionWithFilters(Object(CInlineAction), Array)
#8 D:\xampp1.7.3\xampp\htdocs\yii\framework\web\CWebApplication.php(328): CController->run('popular')
#9 D:\xampp1.7.3\xampp\htdocs\yii\framework\web\CWebApplication.php(121): CWebApplication->runController('photo/popular')
#10 D:\xampp1.7.3\xampp\htdocs\yii\framework\base\CApplication.php(155): CWebApplication->processRequest()
#11 D:\xampp1.7.3\xampp\htdocs\yiiwebsite\dulichvietnam\index.php(13): CApplication->run()
#12 {main} REQUEST_URI=/yiiwebsite/dulichvietnam/?r=photo/popular&lat=14.05832&lng=108.27720
2011/04/19 21:23:28 [error] [php] Missing argument 1 for Photo::listAllPhoto(), called in D:\xampp1.7.3\xampp\htdocs\yiiwebsite\dulichvietnam\protected\controllers\PhotoController.php on line 370 and defined (D:\xampp1.7.3\xampp\htdocs\yiiwebsite\dulichvietnam\protected\models\Photo.php:156)
Stack trace:
#0 D:\xampp1.7.3\xampp\htdocs\yii\framework\web\actions\CInlineAction.php(54): ReflectionMethod->invokeArgs()
#1 D:\xampp1.7.3\xampp\htdocs\yii\framework\web\CController.php(300): CInlineAction->run()
#2 D:\xampp1.7.3\xampp\htdocs\yii\framework\web\filters\CFilterChain.php(133): PhotoController->runAction()
#3 D:\xampp1.7.3\xampp\htdocs\yii\framework\web\filters\CFilter.php(41): CFilterChain->run()
#4 D:\xampp1.7.3\xampp\htdocs\yii\framework\web\CController.php(1088): CAccessControlFilter->filter()
#5 D:\xampp1.7.3\xampp\htdocs\yii\framework\web\filters\CInlineFilter.php(59): PhotoController->filterAccessControl()
#6 D:\xampp1.7.3\xampp\htdocs\yii\framework\web\filters\CFilterChain.php(130): CInlineFilter->filter()
#7 D:\xampp1.7.3\xampp\htdocs\yii\framework\web\CController.php(283): CFilterChain->run()
#8 D:\xampp1.7.3\xampp\htdocs\yii\framework\web\CController.php(257): PhotoController->runActionWithFilters()
#9 D:\xampp1.7.3\xampp\htdocs\yii\framework\web\CWebApplication.php(328): PhotoController->run()
#10 D:\xampp1.7.3\xampp\htdocs\yii\framework\web\CWebApplication.php(121): CWebApplication->runController()
#11 D:\xampp1.7.3\xampp\htdocs\yii\framework\base\CApplication.php(155): CWebApplication->processRequest()
#12 D:\xampp1.7.3\xampp\htdocs\yiiwebsite\dulichvietnam\index.php(13): CWebApplication->run()
REQUEST_URI=/yiiwebsite/dulichvietnam/?r=photo/popular&order=view_count&lat=15.8667&lng=108.32
in D:\xampp1.7.3\xampp\htdocs\yiiwebsite\dulichvietnam\protected\models\Photo.php (156)
in D:\xampp1.7.3\xampp\htdocs\yiiwebsite\dulichvietnam\protected\controllers\PhotoController.php (370)
in D:\xampp1.7.3\xampp\htdocs\yiiwebsite\dulichvietnam\index.php (13)
2011/04/19 21:27:09 [error] [php] Missing argument 1 for Photo::listAllPhoto(), called in D:\xampp1.7.3\xampp\htdocs\yiiwebsite\dulichvietnam\protected\controllers\SiteController.php on line 36 and defined (D:\xampp1.7.3\xampp\htdocs\yiiwebsite\dulichvietnam\protected\models\Photo.php:156)
Stack trace:
#0 D:\xampp1.7.3\xampp\htdocs\yii\framework\web\CController.php(300): CInlineAction->run()
#1 D:\xampp1.7.3\xampp\htdocs\yii\framework\web\CController.php(278): SiteController->runAction()
#2 D:\xampp1.7.3\xampp\htdocs\yii\framework\web\CController.php(257): SiteController->runActionWithFilters()
#3 D:\xampp1.7.3\xampp\htdocs\yii\framework\web\CWebApplication.php(328): SiteController->run()
#4 D:\xampp1.7.3\xampp\htdocs\yii\framework\web\CWebApplication.php(121): CWebApplication->runController()
#5 D:\xampp1.7.3\xampp\htdocs\yii\framework\base\CApplication.php(155): CWebApplication->processRequest()
#6 D:\xampp1.7.3\xampp\htdocs\yiiwebsite\dulichvietnam\index.php(13): CWebApplication->run()
REQUEST_URI=/yiiwebsite/dulichvietnam/
in D:\xampp1.7.3\xampp\htdocs\yiiwebsite\dulichvietnam\protected\models\Photo.php (156)
in D:\xampp1.7.3\xampp\htdocs\yiiwebsite\dulichvietnam\protected\controllers\SiteController.php (36)
in D:\xampp1.7.3\xampp\htdocs\yiiwebsite\dulichvietnam\index.php (13)
2011/04/20 21:34:31 [error] [exception.CHttpException.404] exception 'CHttpException' with message 'The system is unable to find the requested action "signup".' in D:\xampp1.7.3\xampp\htdocs\yii\framework\web\CController.php:444
Stack trace:
#0 D:\xampp1.7.3\xampp\htdocs\yii\framework\web\CController.php(262): CController->missingAction('signup')
#1 D:\xampp1.7.3\xampp\htdocs\yii\framework\web\CWebApplication.php(328): CController->run('signup')
#2 D:\xampp1.7.3\xampp\htdocs\yii\framework\web\CWebApplication.php(121): CWebApplication->runController('site/signup')
#3 D:\xampp1.7.3\xampp\htdocs\yii\framework\base\CApplication.php(155): CWebApplication->processRequest()
#4 D:\xampp1.7.3\xampp\htdocs\yiiwebsite\dulichvietnam\index.php(13): CApplication->run()
#5 {main} REQUEST_URI=/yiiwebsite/dulichvietnam/index.php?r=site/signup
2011/04/20 21:35:58 [error] [exception.CHttpException.404] exception 'CHttpException' with message 'The system is unable to find the requested action "signup".' in D:\xampp1.7.3\xampp\htdocs\yii\framework\web\CController.php:444
Stack trace:
#0 D:\xampp1.7.3\xampp\htdocs\yii\framework\web\CController.php(262): CController->missingAction('signup')
#1 D:\xampp1.7.3\xampp\htdocs\yii\framework\web\CWebApplication.php(328): CController->run('signup')
#2 D:\xampp1.7.3\xampp\htdocs\yii\framework\web\CWebApplication.php(121): CWebApplication->runController('site/signup')
#3 D:\xampp1.7.3\xampp\htdocs\yii\framework\base\CApplication.php(155): CWebApplication->processRequest()
#4 D:\xampp1.7.3\xampp\htdocs\yiiwebsite\dulichvietnam\index.php(13): CApplication->run()
#5 {main} REQUEST_URI=/yiiwebsite/dulichvietnam/index.php?r=site/signup
2011/04/20 21:45:35 [error] [exception.CHttpException.404] exception 'CHttpException' with message 'The system is unable to find the requested action "signup".' in D:\xampp1.7.3\xampp\htdocs\yii\framework\web\CController.php:444
Stack trace:
#0 D:\xampp1.7.3\xampp\htdocs\yii\framework\web\CController.php(262): CController->missingAction('signup')
#1 D:\xampp1.7.3\xampp\htdocs\yii\framework\web\CWebApplication.php(328): CController->run('signup')
#2 D:\xampp1.7.3\xampp\htdocs\yii\framework\web\CWebApplication.php(121): CWebApplication->runController('site/signup')
#3 D:\xampp1.7.3\xampp\htdocs\yii\framework\base\CApplication.php(155): CWebApplication->processRequest()
#4 D:\xampp1.7.3\xampp\htdocs\yiiwebsite\dulichvietnam\index.php(13): CApplication->run()
#5 {main} REQUEST_URI=/yiiwebsite/dulichvietnam/index.php?r=site/signup
2011/04/20 21:45:58 [error] [exception.CException] exception 'CException' with message 'SiteController cannot find the requested view "create".' in D:\xampp1.7.3\xampp\htdocs\yii\framework\web\CController.php:842
Stack trace:
#0 D:\xampp1.7.3\xampp\htdocs\yii\framework\web\CController.php(746): CController->renderPartial('create', Array, true)
#1 D:\xampp1.7.3\xampp\htdocs\yiiwebsite\dulichvietnam\protected\controllers\SiteController.php(145): CController->render('create', Array)
#2 D:\xampp1.7.3\xampp\htdocs\yii\framework\web\actions\CInlineAction.php(57): SiteController->actionSignup()
#3 D:\xampp1.7.3\xampp\htdocs\yii\framework\web\CController.php(300): CInlineAction->run()
#4 D:\xampp1.7.3\xampp\htdocs\yii\framework\web\CController.php(278): CController->runAction(Object(CInlineAction))
#5 D:\xampp1.7.3\xampp\htdocs\yii\framework\web\CController.php(257): CController->runActionWithFilters(Object(CInlineAction), Array)
#6 D:\xampp1.7.3\xampp\htdocs\yii\framework\web\CWebApplication.php(328): CController->run('signup')
#7 D:\xampp1.7.3\xampp\htdocs\yii\framework\web\CWebApplication.php(121): CWebApplication->runController('site/signup')
#8 D:\xampp1.7.3\xampp\htdocs\yii\framework\base\CApplication.php(155): CWebApplication->processRequest()
#9 D:\xampp1.7.3\xampp\htdocs\yiiwebsite\dulichvietnam\index.php(13): CApplication->run()
#10 {main} REQUEST_URI=/yiiwebsite/dulichvietnam/index.php?r=site/signup
2011/04/20 21:47:26 [error] [exception.CException] exception 'CException' with message 'SiteController cannot find the requested view "create".' in D:\xampp1.7.3\xampp\htdocs\yii\framework\web\CController.php:842
Stack trace:
#0 D:\xampp1.7.3\xampp\htdocs\yii\framework\web\CController.php(746): CController->renderPartial('create', Array, true)
#1 D:\xampp1.7.3\xampp\htdocs\yiiwebsite\dulichvietnam\protected\controllers\SiteController.php(145): CController->render('create', Array)
#2 D:\xampp1.7.3\xampp\htdocs\yii\framework\web\actions\CInlineAction.php(57): SiteController->actionSignup()
#3 D:\xampp1.7.3\xampp\htdocs\yii\framework\web\CController.php(300): CInlineAction->run()
#4 D:\xampp1.7.3\xampp\htdocs\yii\framework\web\CController.php(278): CController->runAction(Object(CInlineAction))
#5 D:\xampp1.7.3\xampp\htdocs\yii\framework\web\CController.php(257): CController->runActionWithFilters(Object(CInlineAction), Array)
#6 D:\xampp1.7.3\xampp\htdocs\yii\framework\web\CWebApplication.php(328): CController->run('signup')
#7 D:\xampp1.7.3\xampp\htdocs\yii\framework\web\CWebApplication.php(121): CWebApplication->runController('site/signup')
#8 D:\xampp1.7.3\xampp\htdocs\yii\framework\base\CApplication.php(155): CWebApplication->processRequest()
#9 D:\xampp1.7.3\xampp\htdocs\yiiwebsite\dulichvietnam\index.php(13): CApplication->run()
#10 {main} REQUEST_URI=/yiiwebsite/dulichvietnam/index.php?r=site/signup
2011/04/20 22:14:32 [error] [exception.CException] exception 'CException' with message 'CActiveForm does not have a method named "file".' in D:\xampp1.7.3\xampp\htdocs\yii\framework\base\CComponent.php:266
Stack trace:
#0 [internal function]: CComponent->__call('file', Array)
#1 D:\xampp1.7.3\xampp\htdocs\yiiwebsite\dulichvietnam\protected\views\user\_form.php(33): CActiveForm->file(Object(User), 'photo_id')
#2 D:\xampp1.7.3\xampp\htdocs\yii\framework\web\CBaseController.php(119): require('D:\xampp1.7.3\x...')
#3 D:\xampp1.7.3\xampp\htdocs\yii\framework\web\CBaseController.php(88): CBaseController->renderInternal('D:\xampp1.7.3\x...', Array, true)
#4 D:\xampp1.7.3\xampp\htdocs\yii\framework\web\CController.php(833): CBaseController->renderFile('D:\xampp1.7.3\x...', Array, true)
#5 D:\xampp1.7.3\xampp\htdocs\yiiwebsite\dulichvietnam\protected\views\user\create.php(15): CController->renderPartial('_form', Array)
#6 D:\xampp1.7.3\xampp\htdocs\yii\framework\web\CBaseController.php(119): require('D:\xampp1.7.3\x...')
#7 D:\xampp1.7.3\xampp\htdocs\yii\framework\web\CBaseController.php(88): CBaseController->renderInternal('D:\xampp1.7.3\x...', Array, true)
#8 D:\xampp1.7.3\xampp\htdocs\yii\framework\web\CController.php(833): CBaseController->renderFile('D:\xampp1.7.3\x...', Array, true)
#9 D:\xampp1.7.3\xampp\htdocs\yii\framework\web\CController.php(746): CController->renderPartial('create', Array, true)
#10 D:\xampp1.7.3\xampp\htdocs\yiiwebsite\dulichvietnam\protected\controllers\UserController.php(193): CController->render('create', Array)
#11 D:\xampp1.7.3\xampp\htdocs\yii\framework\web\actions\CInlineAction.php(57): UserController->actionSignup()
#12 D:\xampp1.7.3\xampp\htdocs\yii\framework\web\CController.php(300): CInlineAction->run()
#13 D:\xampp1.7.3\xampp\htdocs\yii\framework\web\filters\CFilterChain.php(133): CController->runAction(Object(CInlineAction))
#14 D:\xampp1.7.3\xampp\htdocs\yii\framework\web\filters\CFilter.php(41): CFilterChain->run()
#15 D:\xampp1.7.3\xampp\htdocs\yii\framework\web\CController.php(1088): CFilter->filter(Object(CFilterChain))
#16 D:\xampp1.7.3\xampp\htdocs\yii\framework\web\filters\CInlineFilter.php(59): CController->filterAccessControl(Object(CFilterChain))
#17 D:\xampp1.7.3\xampp\htdocs\yii\framework\web\filters\CFilterChain.php(130): CInlineFilter->filter(Object(CFilterChain))
#18 D:\xampp1.7.3\xampp\htdocs\yii\framework\web\CController.php(283): CFilterChain->run()
#19 D:\xampp1.7.3\xampp\htdocs\yii\framework\web\CController.php(257): CController->runActionWithFilters(Object(CInlineAction), Array)
#20 D:\xampp1.7.3\xampp\htdocs\yii\framework\web\CWebApplication.php(328): CController->run('signup')
#21 D:\xampp1.7.3\xampp\htdocs\yii\framework\web\CWebApplication.php(121): CWebApplication->runController('user/signup')
#22 D:\xampp1.7.3\xampp\htdocs\yii\framework\base\CApplication.php(155): CWebApplication->processRequest()
#23 D:\xampp1.7.3\xampp\htdocs\yiiwebsite\dulichvietnam\index.php(13): CApplication->run()
#24 {main} REQUEST_URI=/yiiwebsite/dulichvietnam/index.php?r=user/signup
2011/04/21 19:00:41 [error] [php] file_get_contents() [<a href='function.file-get-contents'>function.file-get-contents</a>]: Filename cannot be empty (D:\xampp1.7.3\xampp\htdocs\yiiwebsite\dulichvietnam\protected\controllers\UserController.php:204)
Stack trace:
#0 D:\xampp1.7.3\xampp\htdocs\yii\framework\web\CController.php(300): CInlineAction->run()
#1 D:\xampp1.7.3\xampp\htdocs\yii\framework\web\filters\CFilterChain.php(133): UserController->runAction()
#2 D:\xampp1.7.3\xampp\htdocs\yii\framework\web\filters\CFilter.php(41): CFilterChain->run()
#3 D:\xampp1.7.3\xampp\htdocs\yii\framework\web\CController.php(1088): CAccessControlFilter->filter()
#4 D:\xampp1.7.3\xampp\htdocs\yii\framework\web\filters\CInlineFilter.php(59): UserController->filterAccessControl()
#5 D:\xampp1.7.3\xampp\htdocs\yii\framework\web\filters\CFilterChain.php(130): CInlineFilter->filter()
#6 D:\xampp1.7.3\xampp\htdocs\yii\framework\web\CController.php(283): CFilterChain->run()
#7 D:\xampp1.7.3\xampp\htdocs\yii\framework\web\CController.php(257): UserController->runActionWithFilters()
#8 D:\xampp1.7.3\xampp\htdocs\yii\framework\web\CWebApplication.php(328): UserController->run()
#9 D:\xampp1.7.3\xampp\htdocs\yii\framework\web\CWebApplication.php(121): CWebApplication->runController()
#10 D:\xampp1.7.3\xampp\htdocs\yii\framework\base\CApplication.php(155): CWebApplication->processRequest()
#11 D:\xampp1.7.3\xampp\htdocs\yiiwebsite\dulichvietnam\index.php(13): CWebApplication->run()
REQUEST_URI=/yiiwebsite/dulichvietnam/?r=user/sign
in D:\xampp1.7.3\xampp\htdocs\yiiwebsite\dulichvietnam\protected\controllers\UserController.php (204)
in D:\xampp1.7.3\xampp\htdocs\yiiwebsite\dulichvietnam\index.php (13)
2011/04/21 19:00:46 [error] [php] file_get_contents() [<a href='function.file-get-contents'>function.file-get-contents</a>]: Filename cannot be empty (D:\xampp1.7.3\xampp\htdocs\yiiwebsite\dulichvietnam\protected\controllers\UserController.php:204)
Stack trace:
#0 D:\xampp1.7.3\xampp\htdocs\yii\framework\web\CController.php(300): CInlineAction->run()
#1 D:\xampp1.7.3\xampp\htdocs\yii\framework\web\filters\CFilterChain.php(133): UserController->runAction()
#2 D:\xampp1.7.3\xampp\htdocs\yii\framework\web\filters\CFilter.php(41): CFilterChain->run()
#3 D:\xampp1.7.3\xampp\htdocs\yii\framework\web\CController.php(1088): CAccessControlFilter->filter()
#4 D:\xampp1.7.3\xampp\htdocs\yii\framework\web\filters\CInlineFilter.php(59): UserController->filterAccessControl()
#5 D:\xampp1.7.3\xampp\htdocs\yii\framework\web\filters\CFilterChain.php(130): CInlineFilter->filter()
#6 D:\xampp1.7.3\xampp\htdocs\yii\framework\web\CController.php(283): CFilterChain->run()
#7 D:\xampp1.7.3\xampp\htdocs\yii\framework\web\CController.php(257): UserController->runActionWithFilters()
#8 D:\xampp1.7.3\xampp\htdocs\yii\framework\web\CWebApplication.php(328): UserController->run()
#9 D:\xampp1.7.3\xampp\htdocs\yii\framework\web\CWebApplication.php(121): CWebApplication->runController()
#10 D:\xampp1.7.3\xampp\htdocs\yii\framework\base\CApplication.php(155): CWebApplication->processRequest()
#11 D:\xampp1.7.3\xampp\htdocs\yiiwebsite\dulichvietnam\index.php(13): CWebApplication->run()
REQUEST_URI=/yiiwebsite/dulichvietnam/?r=user/sign
in D:\xampp1.7.3\xampp\htdocs\yiiwebsite\dulichvietnam\protected\controllers\UserController.php (204)
in D:\xampp1.7.3\xampp\htdocs\yiiwebsite\dulichvietnam\index.php (13)
2011/04/21 19:00:49 [error] [php] file_get_contents() [<a href='function.file-get-contents'>function.file-get-contents</a>]: Filename cannot be empty (D:\xampp1.7.3\xampp\htdocs\yiiwebsite\dulichvietnam\protected\controllers\UserController.php:204)
Stack trace:
#0 D:\xampp1.7.3\xampp\htdocs\yii\framework\web\CController.php(300): CInlineAction->run()
#1 D:\xampp1.7.3\xampp\htdocs\yii\framework\web\filters\CFilterChain.php(133): UserController->runAction()
#2 D:\xampp1.7.3\xampp\htdocs\yii\framework\web\filters\CFilter.php(41): CFilterChain->run()
#3 D:\xampp1.7.3\xampp\htdocs\yii\framework\web\CController.php(1088): CAccessControlFilter->filter()
#4 D:\xampp1.7.3\xampp\htdocs\yii\framework\web\filters\CInlineFilter.php(59): UserController->filterAccessControl()
#5 D:\xampp1.7.3\xampp\htdocs\yii\framework\web\filters\CFilterChain.php(130): CInlineFilter->filter()
#6 D:\xampp1.7.3\xampp\htdocs\yii\framework\web\CController.php(283): CFilterChain->run()
#7 D:\xampp1.7.3\xampp\htdocs\yii\framework\web\CController.php(257): UserController->runActionWithFilters()
#8 D:\xampp1.7.3\xampp\htdocs\yii\framework\web\CWebApplication.php(328): UserController->run()
#9 D:\xampp1.7.3\xampp\htdocs\yii\framework\web\CWebApplication.php(121): CWebApplication->runController()
#10 D:\xampp1.7.3\xampp\htdocs\yii\framework\base\CApplication.php(155): CWebApplication->processRequest()
#11 D:\xampp1.7.3\xampp\htdocs\yiiwebsite\dulichvietnam\index.php(13): CWebApplication->run()
REQUEST_URI=/yiiwebsite/dulichvietnam/?r=user/sign
in D:\xampp1.7.3\xampp\htdocs\yiiwebsite\dulichvietnam\protected\controllers\UserController.php (204)
in D:\xampp1.7.3\xampp\htdocs\yiiwebsite\dulichvietnam\index.php (13)
2011/04/21 19:00:49 [error] [php] file_get_contents() [<a href='function.file-get-contents'>function.file-get-contents</a>]: Filename cannot be empty (D:\xampp1.7.3\xampp\htdocs\yiiwebsite\dulichvietnam\protected\controllers\UserController.php:204)
Stack trace:
#0 D:\xampp1.7.3\xampp\htdocs\yii\framework\web\CController.php(300): CInlineAction->run()
#1 D:\xampp1.7.3\xampp\htdocs\yii\framework\web\filters\CFilterChain.php(133): UserController->runAction()
#2 D:\xampp1.7.3\xampp\htdocs\yii\framework\web\filters\CFilter.php(41): CFilterChain->run()
#3 D:\xampp1.7.3\xampp\htdocs\yii\framework\web\CController.php(1088): CAccessControlFilter->filter()
#4 D:\xampp1.7.3\xampp\htdocs\yii\framework\web\filters\CInlineFilter.php(59): UserController->filterAccessControl()
#5 D:\xampp1.7.3\xampp\htdocs\yii\framework\web\filters\CFilterChain.php(130): CInlineFilter->filter()
#6 D:\xampp1.7.3\xampp\htdocs\yii\framework\web\CController.php(283): CFilterChain->run()
#7 D:\xampp1.7.3\xampp\htdocs\yii\framework\web\CController.php(257): UserController->runActionWithFilters()
#8 D:\xampp1.7.3\xampp\htdocs\yii\framework\web\CWebApplication.php(328): UserController->run()
#9 D:\xampp1.7.3\xampp\htdocs\yii\framework\web\CWebApplication.php(121): CWebApplication->runController()
#10 D:\xampp1.7.3\xampp\htdocs\yii\framework\base\CApplication.php(155): CWebApplication->processRequest()
#11 D:\xampp1.7.3\xampp\htdocs\yiiwebsite\dulichvietnam\index.php(13): CWebApplication->run()
REQUEST_URI=/yiiwebsite/dulichvietnam/?r=user/sign
in D:\xampp1.7.3\xampp\htdocs\yiiwebsite\dulichvietnam\protected\controllers\UserController.php (204)
in D:\xampp1.7.3\xampp\htdocs\yiiwebsite\dulichvietnam\index.php (13)
2011/04/21 19:29:02 [error] [exception.CException] exception 'CException' with message 'Property "CActiveForm.enctype" is not defined.' in D:\xampp1.7.3\xampp\htdocs\yii\framework\base\CComponent.php:173
Stack trace:
#0 D:\xampp1.7.3\xampp\htdocs\yii\framework\web\CWidgetFactory.php(162): CComponent->__set('enctype', 'multipart/form-...')
#1 D:\xampp1.7.3\xampp\htdocs\yii\framework\web\CBaseController.php(139): CWidgetFactory->createWidget(Object(UserController), 'CActiveForm', Array)
#2 D:\xampp1.7.3\xampp\htdocs\yii\framework\web\CBaseController.php(182): CBaseController->createWidget('CActiveForm', Array)
#3 D:\xampp1.7.3\xampp\htdocs\yiiwebsite\dulichvietnam\protected\views\user\_form.php(7): CBaseController->beginWidget('CActiveForm', Array)
#4 D:\xampp1.7.3\xampp\htdocs\yii\framework\web\CBaseController.php(119): require('D:\xampp1.7.3\x...')
#5 D:\xampp1.7.3\xampp\htdocs\yii\framework\web\CBaseController.php(88): CBaseController->renderInternal('D:\xampp1.7.3\x...', Array, true)
#6 D:\xampp1.7.3\xampp\htdocs\yii\framework\web\CController.php(833): CBaseController->renderFile('D:\xampp1.7.3\x...', Array, true)
#7 D:\xampp1.7.3\xampp\htdocs\yiiwebsite\dulichvietnam\protected\views\user\create.php(12): CController->renderPartial('_form', Array)
#8 D:\xampp1.7.3\xampp\htdocs\yii\framework\web\CBaseController.php(119): require('D:\xampp1.7.3\x...')
#9 D:\xampp1.7.3\xampp\htdocs\yii\framework\web\CBaseController.php(88): CBaseController->renderInternal('D:\xampp1.7.3\x...', Array, true)
#10 D:\xampp1.7.3\xampp\htdocs\yii\framework\web\CController.php(833): CBaseController->renderFile('D:\xampp1.7.3\x...', Array, true)
#11 D:\xampp1.7.3\xampp\htdocs\yii\framework\web\CController.php(746): CController->renderPartial('create', Array, true)
#12 D:\xampp1.7.3\xampp\htdocs\yiiwebsite\dulichvietnam\protected\controllers\UserController.php(193): CController->render('create', Array)
#13 D:\xampp1.7.3\xampp\htdocs\yii\framework\web\actions\CInlineAction.php(57): UserController->actionSignup()
#14 D:\xampp1.7.3\xampp\htdocs\yii\framework\web\CController.php(300): CInlineAction->run()
#15 D:\xampp1.7.3\xampp\htdocs\yii\framework\web\filters\CFilterChain.php(133): CController->runAction(Object(CInlineAction))
#16 D:\xampp1.7.3\xampp\htdocs\yii\framework\web\filters\CFilter.php(41): CFilterChain->run()
#17 D:\xampp1.7.3\xampp\htdocs\yii\framework\web\CController.php(1088): CFilter->filter(Object(CFilterChain))
#18 D:\xampp1.7.3\xampp\htdocs\yii\framework\web\filters\CInlineFilter.php(59): CController->filterAccessControl(Object(CFilterChain))
#19 D:\xampp1.7.3\xampp\htdocs\yii\framework\web\filters\CFilterChain.php(130): CInlineFilter->filter(Object(CFilterChain))
#20 D:\xampp1.7.3\xampp\htdocs\yii\framework\web\CController.php(283): CFilterChain->run()
#21 D:\xampp1.7.3\xampp\htdocs\yii\framework\web\CController.php(257): CController->runActionWithFilters(Object(CInlineAction), Array)
#22 D:\xampp1.7.3\xampp\htdocs\yii\framework\web\CWebApplication.php(328): CController->run('signup')
#23 D:\xampp1.7.3\xampp\htdocs\yii\framework\web\CWebApplication.php(121): CWebApplication->runController('user/signup')
#24 D:\xampp1.7.3\xampp\htdocs\yii\framework\base\CApplication.php(155): CWebApplication->processRequest()
#25 D:\xampp1.7.3\xampp\htdocs\yiiwebsite\dulichvietnam\index.php(13): CApplication->run()
#26 {main} REQUEST_URI=/yiiwebsite/dulichvietnam/index.php?r=user/signup
2011/04/25 23:44:19 [error] [exception.CHttpException.400] exception 'CHttpException' with message 'Your request is invalid.' in D:\xampp1.7.3\xampp\htdocs\yii\framework\web\actions\CInlineAction.php:52
Stack trace:
#0 D:\xampp1.7.3\xampp\htdocs\yii\framework\web\CController.php(300): CInlineAction->run()
#1 D:\xampp1.7.3\xampp\htdocs\yii\framework\web\filters\CFilterChain.php(133): CController->runAction(Object(CInlineAction))
#2 D:\xampp1.7.3\xampp\htdocs\yii\framework\web\filters\CFilter.php(41): CFilterChain->run()
#3 D:\xampp1.7.3\xampp\htdocs\yii\framework\web\CController.php(1088): CFilter->filter(Object(CFilterChain))
#4 D:\xampp1.7.3\xampp\htdocs\yii\framework\web\filters\CInlineFilter.php(59): CController->filterAccessControl(Object(CFilterChain))
#5 D:\xampp1.7.3\xampp\htdocs\yii\framework\web\filters\CFilterChain.php(130): CInlineFilter->filter(Object(CFilterChain))
#6 D:\xampp1.7.3\xampp\htdocs\yii\framework\web\CController.php(283): CFilterChain->run()
#7 D:\xampp1.7.3\xampp\htdocs\yii\framework\web\CController.php(257): CController->runActionWithFilters(Object(CInlineAction), Array)
#8 D:\xampp1.7.3\xampp\htdocs\yii\framework\web\CWebApplication.php(328): CController->run('detail')
#9 D:\xampp1.7.3\xampp\htdocs\yii\framework\web\CWebApplication.php(121): CWebApplication->runController('photo/detail')
#10 D:\xampp1.7.3\xampp\htdocs\yii\framework\base\CApplication.php(155): CWebApplication->processRequest()
#11 D:\xampp1.7.3\xampp\htdocs\yiiwebsite\dulichvietnam\index.php(13): CApplication->run()
#12 {main} REQUEST_URI=/yiiwebsite/dulichvietnam/?r=photo/detail&photo_id=36&file_id/71
2011/04/25 23:47:23 [error] [exception.CHttpException.400] exception 'CHttpException' with message 'Your request is invalid.' in D:\xampp1.7.3\xampp\htdocs\yii\framework\web\actions\CInlineAction.php:52
Stack trace:
#0 D:\xampp1.7.3\xampp\htdocs\yii\framework\web\CController.php(300): CInlineAction->run()
#1 D:\xampp1.7.3\xampp\htdocs\yii\framework\web\filters\CFilterChain.php(133): CController->runAction(Object(CInlineAction))
#2 D:\xampp1.7.3\xampp\htdocs\yii\framework\web\filters\CFilter.php(41): CFilterChain->run()
#3 D:\xampp1.7.3\xampp\htdocs\yii\framework\web\CController.php(1088): CFilter->filter(Object(CFilterChain))
#4 D:\xampp1.7.3\xampp\htdocs\yii\framework\web\filters\CInlineFilter.php(59): CController->filterAccessControl(Object(CFilterChain))
#5 D:\xampp1.7.3\xampp\htdocs\yii\framework\web\filters\CFilterChain.php(130): CInlineFilter->filter(Object(CFilterChain))
#6 D:\xampp1.7.3\xampp\htdocs\yii\framework\web\CController.php(283): CFilterChain->run()
#7 D:\xampp1.7.3\xampp\htdocs\yii\framework\web\CController.php(257): CController->runActionWithFilters(Object(CInlineAction), Array)
#8 D:\xampp1.7.3\xampp\htdocs\yii\framework\web\CWebApplication.php(328): CController->run('detail')
#9 D:\xampp1.7.3\xampp\htdocs\yii\framework\web\CWebApplication.php(121): CWebApplication->runController('photo/detail')
#10 D:\xampp1.7.3\xampp\htdocs\yii\framework\base\CApplication.php(155): CWebApplication->processRequest()
#11 D:\xampp1.7.3\xampp\htdocs\yiiwebsite\dulichvietnam\index.php(13): CApplication->run()
#12 {main} REQUEST_URI=/yiiwebsite/dulichvietnam/?r=photo/detail&photo_id=36&file_id/71
2011/04/26 00:05:22 [error] [system.db.CDbCommand] Error in querying SQL: SELECT * FROM `tbl_comment` `t` WHERE user_id=:user_id AND resource_type=:resource_type ORDER BY id DESC LIMIT 6
in D:\xampp1.7.3\xampp\htdocs\yiiwebsite\dulichvietnam\protected\models\Comment.php (137)
in D:\xampp1.7.3\xampp\htdocs\yiiwebsite\dulichvietnam\protected\controllers\UserController.php (309)
in D:\xampp1.7.3\xampp\htdocs\yiiwebsite\dulichvietnam\index.php (13)
2011/04/26 00:05:22 [error] [exception.CDbException] exception 'CDbException' with message 'CDbCommand failed to execute the SQL statement: SQLSTATE[42S22]: Column not found: 1054 Unknown column 'user_id' in 'where clause'' in D:\xampp1.7.3\xampp\htdocs\yii\framework\db\CDbCommand.php:471
Stack trace:
#0 D:\xampp1.7.3\xampp\htdocs\yii\framework\db\CDbCommand.php(354): CDbCommand->queryInternal('fetchAll', 2, Array)
#1 D:\xampp1.7.3\xampp\htdocs\yii\framework\db\ar\CActiveRecord.php(1237): CDbCommand->queryAll()
#2 D:\xampp1.7.3\xampp\htdocs\yii\framework\db\ar\CActiveRecord.php(1323): CActiveRecord->query(Object(CDbCriteria), true)
#3 D:\xampp1.7.3\xampp\htdocs\yiiwebsite\dulichvietnam\protected\models\Comment.php(137): CActiveRecord->findAll(Array)
#4 D:\xampp1.7.3\xampp\htdocs\yiiwebsite\dulichvietnam\protected\controllers\UserController.php(309): Comment->getCommentMypage('1')
#5 D:\xampp1.7.3\xampp\htdocs\yii\framework\web\actions\CInlineAction.php(57): UserController->actionMypage()
#6 D:\xampp1.7.3\xampp\htdocs\yii\framework\web\CController.php(300): CInlineAction->run()
#7 D:\xampp1.7.3\xampp\htdocs\yii\framework\web\filters\CFilterChain.php(133): CController->runAction(Object(CInlineAction))
#8 D:\xampp1.7.3\xampp\htdocs\yii\framework\web\filters\CFilter.php(41): CFilterChain->run()
#9 D:\xampp1.7.3\xampp\htdocs\yii\framework\web\CController.php(1088): CFilter->filter(Object(CFilterChain))
#10 D:\xampp1.7.3\xampp\htdocs\yii\framework\web\filters\CInlineFilter.php(59): CController->filterAccessControl(Object(CFilterChain))
#11 D:\xampp1.7.3\xampp\htdocs\yii\framework\web\filters\CFilterChain.php(130): CInlineFilter->filter(Object(CFilterChain))
#12 D:\xampp1.7.3\xampp\htdocs\yii\framework\web\CController.php(283): CFilterChain->run()
#13 D:\xampp1.7.3\xampp\htdocs\yii\framework\web\CController.php(257): CController->runActionWithFilters(Object(CInlineAction), Array)
#14 D:\xampp1.7.3\xampp\htdocs\yii\framework\web\CWebApplication.php(328): CController->run('mypage')
#15 D:\xampp1.7.3\xampp\htdocs\yii\framework\web\CWebApplication.php(121): CWebApplication->runController('user/mypage')
#16 D:\xampp1.7.3\xampp\htdocs\yii\framework\base\CApplication.php(155): CWebApplication->processRequest()
#17 D:\xampp1.7.3\xampp\htdocs\yiiwebsite\dulichvietnam\index.php(13): CApplication->run()
#18 {main} REQUEST_URI=/yiiwebsite/dulichvietnam/index.php?r=user/mypage
2011/04/26 00:06:16 [error] [system.db.CDbCommand] Error in querying SQL: SELECT * FROM `tbl_comment` `t` WHERE poster=:user_id AND resource_type=:resource_type ORDER BY id DESC LIMIT 6
in D:\xampp1.7.3\xampp\htdocs\yiiwebsite\dulichvietnam\protected\models\Comment.php (137)
in D:\xampp1.7.3\xampp\htdocs\yiiwebsite\dulichvietnam\protected\controllers\UserController.php (309)
in D:\xampp1.7.3\xampp\htdocs\yiiwebsite\dulichvietnam\index.php (13)
2011/04/26 00:06:16 [error] [exception.CDbException] exception 'CDbException' with message 'CDbCommand failed to execute the SQL statement: SQLSTATE[42S22]: Column not found: 1054 Unknown column 'poster' in 'where clause'' in D:\xampp1.7.3\xampp\htdocs\yii\framework\db\CDbCommand.php:471
Stack trace:
#0 D:\xampp1.7.3\xampp\htdocs\yii\framework\db\CDbCommand.php(354): CDbCommand->queryInternal('fetchAll', 2, Array)
#1 D:\xampp1.7.3\xampp\htdocs\yii\framework\db\ar\CActiveRecord.php(1237): CDbCommand->queryAll()
#2 D:\xampp1.7.3\xampp\htdocs\yii\framework\db\ar\CActiveRecord.php(1323): CActiveRecord->query(Object(CDbCriteria), true)
#3 D:\xampp1.7.3\xampp\htdocs\yiiwebsite\dulichvietnam\protected\models\Comment.php(137): CActiveRecord->findAll(Array)
#4 D:\xampp1.7.3\xampp\htdocs\yiiwebsite\dulichvietnam\protected\controllers\UserController.php(309): Comment->getCommentMypage('1')
#5 D:\xampp1.7.3\xampp\htdocs\yii\framework\web\actions\CInlineAction.php(57): UserController->actionMypage()
#6 D:\xampp1.7.3\xampp\htdocs\yii\framework\web\CController.php(300): CInlineAction->run()
#7 D:\xampp1.7.3\xampp\htdocs\yii\framework\web\filters\CFilterChain.php(133): CController->runAction(Object(CInlineAction))
#8 D:\xampp1.7.3\xampp\htdocs\yii\framework\web\filters\CFilter.php(41): CFilterChain->run()
#9 D:\xampp1.7.3\xampp\htdocs\yii\framework\web\CController.php(1088): CFilter->filter(Object(CFilterChain))
#10 D:\xampp1.7.3\xampp\htdocs\yii\framework\web\filters\CInlineFilter.php(59): CController->filterAccessControl(Object(CFilterChain))
#11 D:\xampp1.7.3\xampp\htdocs\yii\framework\web\filters\CFilterChain.php(130): CInlineFilter->filter(Object(CFilterChain))
#12 D:\xampp1.7.3\xampp\htdocs\yii\framework\web\CController.php(283): CFilterChain->run()
#13 D:\xampp1.7.3\xampp\htdocs\yii\framework\web\CController.php(257): CController->runActionWithFilters(Object(CInlineAction), Array)
#14 D:\xampp1.7.3\xampp\htdocs\yii\framework\web\CWebApplication.php(328): CController->run('mypage')
#15 D:\xampp1.7.3\xampp\htdocs\yii\framework\web\CWebApplication.php(121): CWebApplication->runController('user/mypage')
#16 D:\xampp1.7.3\xampp\htdocs\yii\framework\base\CApplication.php(155): CWebApplication->processRequest()
#17 D:\xampp1.7.3\xampp\htdocs\yiiwebsite\dulichvietnam\index.php(13): CApplication->run()
#18 {main} REQUEST_URI=/yiiwebsite/dulichvietnam/index.php?r=user/mypage
2011/04/26 00:06:23 [error] [exception.CException] exception 'CException' with message 'Property "Photo.name" is not defined.' in D:\xampp1.7.3\xampp\htdocs\yii\framework\base\CComponent.php:131
Stack trace:
#0 D:\xampp1.7.3\xampp\htdocs\yii\framework\db\ar\CActiveRecord.php(110): CComponent->__get('name')
#1 D:\xampp1.7.3\xampp\htdocs\yiiwebsite\dulichvietnam\protected\views\user\mypage.php(53): CActiveRecord->__get('name')
#2 D:\xampp1.7.3\xampp\htdocs\yii\framework\web\CBaseController.php(119): require('D:\xampp1.7.3\x...')
#3 D:\xampp1.7.3\xampp\htdocs\yii\framework\web\CBaseController.php(88): CBaseController->renderInternal('D:\xampp1.7.3\x...', Array, true)
#4 D:\xampp1.7.3\xampp\htdocs\yii\framework\web\CController.php(833): CBaseController->renderFile('D:\xampp1.7.3\x...', Array, true)
#5 D:\xampp1.7.3\xampp\htdocs\yii\framework\web\CController.php(746): CController->renderPartial('mypage', Array, true)
#6 D:\xampp1.7.3\xampp\htdocs\yiiwebsite\dulichvietnam\protected\controllers\UserController.php(315): CController->render('mypage', Array)
#7 D:\xampp1.7.3\xampp\htdocs\yii\framework\web\actions\CInlineAction.php(57): UserController->actionMypage()
#8 D:\xampp1.7.3\xampp\htdocs\yii\framework\web\CController.php(300): CInlineAction->run()
#9 D:\xampp1.7.3\xampp\htdocs\yii\framework\web\filters\CFilterChain.php(133): CController->runAction(Object(CInlineAction))
#10 D:\xampp1.7.3\xampp\htdocs\yii\framework\web\filters\CFilter.php(41): CFilterChain->run()
#11 D:\xampp1.7.3\xampp\htdocs\yii\framework\web\CController.php(1088): CFilter->filter(Object(CFilterChain))
#12 D:\xampp1.7.3\xampp\htdocs\yii\framework\web\filters\CInlineFilter.php(59): CController->filterAccessControl(Object(CFilterChain))
#13 D:\xampp1.7.3\xampp\htdocs\yii\framework\web\filters\CFilterChain.php(130): CInlineFilter->filter(Object(CFilterChain))
#14 D:\xampp1.7.3\xampp\htdocs\yii\framework\web\CController.php(283): CFilterChain->run()
#15 D:\xampp1.7.3\xampp\htdocs\yii\framework\web\CController.php(257): CController->runActionWithFilters(Object(CInlineAction), Array)
#16 D:\xampp1.7.3\xampp\htdocs\yii\framework\web\CWebApplication.php(328): CController->run('mypage')
#17 D:\xampp1.7.3\xampp\htdocs\yii\framework\web\CWebApplication.php(121): CWebApplication->runController('user/mypage')
#18 D:\xampp1.7.3\xampp\htdocs\yii\framework\base\CApplication.php(155): CWebApplication->processRequest()
#19 D:\xampp1.7.3\xampp\htdocs\yiiwebsite\dulichvietnam\index.php(13): CApplication->run()
#20 {main} REQUEST_URI=/yiiwebsite/dulichvietnam/index.php?r=user/mypage
2011/04/26 00:08:16 [error] [php] Missing argument 1 for File::getFile(), called in D:\xampp1.7.3\xampp\htdocs\yiiwebsite\dulichvietnam\protected\views\user\mypage.php on line 53 and defined (D:\xampp1.7.3\xampp\htdocs\yiiwebsite\dulichvietnam\protected\models\File.php:132)
Stack trace:
#0 D:\xampp1.7.3\xampp\htdocs\yii\framework\web\CBaseController.php(88): UserController->renderInternal()
#1 D:\xampp1.7.3\xampp\htdocs\yii\framework\web\CController.php(833): UserController->renderFile()
#2 D:\xampp1.7.3\xampp\htdocs\yii\framework\web\CController.php(746): UserController->renderPartial()
#3 D:\xampp1.7.3\xampp\htdocs\yiiwebsite\dulichvietnam\protected\controllers\UserController.php(315): UserController->render()
#4 D:\xampp1.7.3\xampp\htdocs\yii\framework\web\actions\CInlineAction.php(57): UserController->actionMypage()
#5 D:\xampp1.7.3\xampp\htdocs\yii\framework\web\CController.php(300): CInlineAction->run()
#6 D:\xampp1.7.3\xampp\htdocs\yii\framework\web\filters\CFilterChain.php(133): UserController->runAction()
#7 D:\xampp1.7.3\xampp\htdocs\yii\framework\web\filters\CFilter.php(41): CFilterChain->run()
#8 D:\xampp1.7.3\xampp\htdocs\yii\framework\web\CController.php(1088): CAccessControlFilter->filter()
#9 D:\xampp1.7.3\xampp\htdocs\yii\framework\web\filters\CInlineFilter.php(59): UserController->filterAccessControl()
#10 D:\xampp1.7.3\xampp\htdocs\yii\framework\web\filters\CFilterChain.php(130): CInlineFilter->filter()
#11 D:\xampp1.7.3\xampp\htdocs\yii\framework\web\CController.php(283): CFilterChain->run()
#12 D:\xampp1.7.3\xampp\htdocs\yii\framework\web\CController.php(257): UserController->runActionWithFilters()
#13 D:\xampp1.7.3\xampp\htdocs\yii\framework\web\CWebApplication.php(328): UserController->run()
#14 D:\xampp1.7.3\xampp\htdocs\yii\framework\web\CWebApplication.php(121): CWebApplication->runController()
#15 D:\xampp1.7.3\xampp\htdocs\yii\framework\base\CApplication.php(155): CWebApplication->processRequest()
#16 D:\xampp1.7.3\xampp\htdocs\yiiwebsite\dulichvietnam\index.php(13): CWebApplication->run()
REQUEST_URI=/yiiwebsite/dulichvietnam/index.php?r=user/mypage
in D:\xampp1.7.3\xampp\htdocs\yiiwebsite\dulichvietnam\protected\models\File.php (132)
in D:\xampp1.7.3\xampp\htdocs\yiiwebsite\dulichvietnam\protected\views\user\mypage.php (53)
in D:\xampp1.7.3\xampp\htdocs\yiiwebsite\dulichvietnam\protected\controllers\UserController.php (315)
2011/04/26 08:32:27 [error] [exception.CException] exception 'CException' with message 'Property "User.usernmae" is not defined.' in D:\xampp1.7.3\xampp\htdocs\yii\framework\base\CComponent.php:131
Stack trace:
#0 D:\xampp1.7.3\xampp\htdocs\yii\framework\db\ar\CActiveRecord.php(110): CComponent->__get('usernmae')
#1 D:\xampp1.7.3\xampp\htdocs\yiiwebsite\dulichvietnam\protected\views\user\mypage.php(47): CActiveRecord->__get('usernmae')
#2 D:\xampp1.7.3\xampp\htdocs\yii\framework\web\CBaseController.php(119): require('D:\xampp1.7.3\x...')
#3 D:\xampp1.7.3\xampp\htdocs\yii\framework\web\CBaseController.php(88): CBaseController->renderInternal('D:\xampp1.7.3\x...', Array, true)
#4 D:\xampp1.7.3\xampp\htdocs\yii\framework\web\CController.php(833): CBaseController->renderFile('D:\xampp1.7.3\x...', Array, true)
#5 D:\xampp1.7.3\xampp\htdocs\yii\framework\web\CController.php(746): CController->renderPartial('mypage', Array, true)
#6 D:\xampp1.7.3\xampp\htdocs\yiiwebsite\dulichvietnam\protected\controllers\UserController.php(318): CController->render('mypage', Array)
#7 D:\xampp1.7.3\xampp\htdocs\yii\framework\web\actions\CInlineAction.php(57): UserController->actionMypage()
#8 D:\xampp1.7.3\xampp\htdocs\yii\framework\web\CController.php(300): CInlineAction->run()
#9 D:\xampp1.7.3\xampp\htdocs\yii\framework\web\filters\CFilterChain.php(133): CController->runAction(Object(CInlineAction))
#10 D:\xampp1.7.3\xampp\htdocs\yii\framework\web\filters\CFilter.php(41): CFilterChain->run()
#11 D:\xampp1.7.3\xampp\htdocs\yii\framework\web\CController.php(1088): CFilter->filter(Object(CFilterChain))
#12 D:\xampp1.7.3\xampp\htdocs\yii\framework\web\filters\CInlineFilter.php(59): CController->filterAccessControl(Object(CFilterChain))
#13 D:\xampp1.7.3\xampp\htdocs\yii\framework\web\filters\CFilterChain.php(130): CInlineFilter->filter(Object(CFilterChain))
#14 D:\xampp1.7.3\xampp\htdocs\yii\framework\web\CController.php(283): CFilterChain->run()
#15 D:\xampp1.7.3\xampp\htdocs\yii\framework\web\CController.php(257): CController->runActionWithFilters(Object(CInlineAction), Array)
#16 D:\xampp1.7.3\xampp\htdocs\yii\framework\web\CWebApplication.php(328): CController->run('mypage')
#17 D:\xampp1.7.3\xampp\htdocs\yii\framework\web\CWebApplication.php(121): CWebApplication->runController('user/mypage')
#18 D:\xampp1.7.3\xampp\htdocs\yii\framework\base\CApplication.php(155): CWebApplication->processRequest()
#19 D:\xampp1.7.3\xampp\htdocs\yiiwebsite\dulichvietnam\index.php(13): CApplication->run()
#20 {main} REQUEST_URI=/yiiwebsite/dulichvietnam/index.php?r=user/mypage
2011/04/26 21:42:14 [error] [exception.CException] exception 'CException' with message 'Property "User.user_id" is not defined.' in D:\xampp1.7.3\xampp\htdocs\yii\framework\base\CComponent.php:131
Stack trace:
#0 D:\xampp1.7.3\xampp\htdocs\yii\framework\db\ar\CActiveRecord.php(110): CComponent->__get('user_id')
#1 D:\xampp1.7.3\xampp\htdocs\yiiwebsite\dulichvietnam\protected\views\user\mypage.php(95): CActiveRecord->__get('user_id')
#2 D:\xampp1.7.3\xampp\htdocs\yii\framework\web\CBaseController.php(119): require('D:\xampp1.7.3\x...')
#3 D:\xampp1.7.3\xampp\htdocs\yii\framework\web\CBaseController.php(88): CBaseController->renderInternal('D:\xampp1.7.3\x...', Array, true)
#4 D:\xampp1.7.3\xampp\htdocs\yii\framework\web\CController.php(833): CBaseController->renderFile('D:\xampp1.7.3\x...', Array, true)
#5 D:\xampp1.7.3\xampp\htdocs\yii\framework\web\CController.php(746): CController->renderPartial('mypage', Array, true)
#6 D:\xampp1.7.3\xampp\htdocs\yiiwebsite\dulichvietnam\protected\controllers\UserController.php(317): CController->render('mypage', Array)
#7 D:\xampp1.7.3\xampp\htdocs\yii\framework\web\actions\CInlineAction.php(57): UserController->actionMypage()
#8 D:\xampp1.7.3\xampp\htdocs\yii\framework\web\CController.php(300): CInlineAction->run()
#9 D:\xampp1.7.3\xampp\htdocs\yii\framework\web\filters\CFilterChain.php(133): CController->runAction(Object(CInlineAction))
#10 D:\xampp1.7.3\xampp\htdocs\yii\framework\web\filters\CFilter.php(41): CFilterChain->run()
#11 D:\xampp1.7.3\xampp\htdocs\yii\framework\web\CController.php(1088): CFilter->filter(Object(CFilterChain))
#12 D:\xampp1.7.3\xampp\htdocs\yii\framework\web\filters\CInlineFilter.php(59): CController->filterAccessControl(Object(CFilterChain))
#13 D:\xampp1.7.3\xampp\htdocs\yii\framework\web\filters\CFilterChain.php(130): CInlineFilter->filter(Object(CFilterChain))
#14 D:\xampp1.7.3\xampp\htdocs\yii\framework\web\CController.php(283): CFilterChain->run()
#15 D:\xampp1.7.3\xampp\htdocs\yii\framework\web\CController.php(257): CController->runActionWithFilters(Object(CInlineAction), Array)
#16 D:\xampp1.7.3\xampp\htdocs\yii\framework\web\CWebApplication.php(328): CController->run('mypage')
#17 D:\xampp1.7.3\xampp\htdocs\yii\framework\web\CWebApplication.php(121): CWebApplication->runController('user/mypage')
#18 D:\xampp1.7.3\xampp\htdocs\yii\framework\base\CApplication.php(155): CWebApplication->processRequest()
#19 D:\xampp1.7.3\xampp\htdocs\yiiwebsite\dulichvietnam\index.php(13): CApplication->run()
#20 {main} REQUEST_URI=/yiiwebsite/dulichvietnam/index.php?r=user/mypage
2011/04/26 22:57:51 [error] [system.db.CDbCommand] Error in querying SQL: SELECT * FROM `tbl_photo` `t` WHERE user_id=:user_id AND lat=:lat ORDER BY view_count DESC
in D:\xampp1.7.3\xampp\htdocs\yiiwebsite\dulichvietnam\protected\models\Photo.php (195)
in D:\xampp1.7.3\xampp\htdocs\yiiwebsite\dulichvietnam\protected\controllers\UserController.php (313)
in D:\xampp1.7.3\xampp\htdocs\yiiwebsite\dulichvietnam\index.php (13)
2011/04/26 22:57:51 [error] [exception.CDbException] exception 'CDbException' with message 'CDbCommand failed to execute the SQL statement: SQLSTATE[HY093]: Invalid parameter number: number of bound variables does not match number of tokens' in D:\xampp1.7.3\xampp\htdocs\yii\framework\db\CDbCommand.php:471
Stack trace:
#0 D:\xampp1.7.3\xampp\htdocs\yii\framework\db\CDbCommand.php(354): CDbCommand->queryInternal('fetchAll', 2, Array)
#1 D:\xampp1.7.3\xampp\htdocs\yii\framework\db\ar\CActiveRecord.php(1237): CDbCommand->queryAll()
#2 D:\xampp1.7.3\xampp\htdocs\yii\framework\db\ar\CActiveRecord.php(1323): CActiveRecord->query(Object(CDbCriteria), true)
#3 D:\xampp1.7.3\xampp\htdocs\yiiwebsite\dulichvietnam\protected\models\Photo.php(195): CActiveRecord->findAll(Array)
#4 D:\xampp1.7.3\xampp\htdocs\yiiwebsite\dulichvietnam\protected\controllers\UserController.php(313): Photo->listPhotoLatLngNull('1')
#5 D:\xampp1.7.3\xampp\htdocs\yii\framework\web\actions\CInlineAction.php(57): UserController->actionMypage()
#6 D:\xampp1.7.3\xampp\htdocs\yii\framework\web\CController.php(300): CInlineAction->run()
#7 D:\xampp1.7.3\xampp\htdocs\yii\framework\web\filters\CFilterChain.php(133): CController->runAction(Object(CInlineAction))
#8 D:\xampp1.7.3\xampp\htdocs\yii\framework\web\filters\CFilter.php(41): CFilterChain->run()
#9 D:\xampp1.7.3\xampp\htdocs\yii\framework\web\CController.php(1088): CFilter->filter(Object(CFilterChain))
#10 D:\xampp1.7.3\xampp\htdocs\yii\framework\web\filters\CInlineFilter.php(59): CController->filterAccessControl(Object(CFilterChain))
#11 D:\xampp1.7.3\xampp\htdocs\yii\framework\web\filters\CFilterChain.php(130): CInlineFilter->filter(Object(CFilterChain))
#12 D:\xampp1.7.3\xampp\htdocs\yii\framework\web\CController.php(283): CFilterChain->run()
#13 D:\xampp1.7.3\xampp\htdocs\yii\framework\web\CController.php(257): CController->runActionWithFilters(Object(CInlineAction), Array)
#14 D:\xampp1.7.3\xampp\htdocs\yii\framework\web\CWebApplication.php(328): CController->run('mypage')
#15 D:\xampp1.7.3\xampp\htdocs\yii\framework\web\CWebApplication.php(121): CWebApplication->runController('user/mypage')
#16 D:\xampp1.7.3\xampp\htdocs\yii\framework\base\CApplication.php(155): CWebApplication->processRequest()
#17 D:\xampp1.7.3\xampp\htdocs\yiiwebsite\dulichvietnam\index.php(13): CApplication->run()
#18 {main} REQUEST_URI=/yiiwebsite/dulichvietnam/index.php?r=user/mypage
